<?xml version="1.0" encoding="UTF-8"?>
<testng-results skipped="0" failed="0" ignored="0" total="1" passed="1">
  <reporter-output>
  </reporter-output>
  <suite name="Default suite" duration-ms="11233" started-at="2019-10-01T11:07:52Z" finished-at="2019-10-01T11:08:03Z">
    <groups>
    </groups>
    <test name="Default test" duration-ms="11233" started-at="2019-10-01T11:07:52Z" finished-at="2019-10-01T11:08:03Z">
      <class name="demo.Jenkins">
        <test-method status="PASS" signature="testJenkins()[pri:0, instance:demo.Jenkins@2bbf4b8b]" name="testJenkins" duration-ms="11184" started-at="2019-10-01T11:07:52Z" finished-at="2019-10-01T11:08:03Z">
          <reporter-output>
          </reporter-output>
        </test-method> <!-- testJenkins -->
      </class> <!-- demo.Jenkins -->
    </test> <!-- Default test -->
  </suite> <!-- Default suite -->
</testng-results>
